# JRE version: OpenJDK Runtime Environment Temurin-21.0.10+7 (21.0.10+7) (build 21.0.10+7-LTS)
# Java VM: OpenJDK 64-Bit Server VM Temurin-21.0.10+7 (21.0.10+7-LTS, mixed mode, sharing, tiered, compressed oops, compressed class ptrs, parallel gc, windows-amd64)
GC Precious Log:
 CardTable entry size: 512
 CPUs: 8 total, 8 available
 Memory: 16095M
 Large Page Support: Disabled
 NUMA Support: Disabled
 Compressed Oops: Enabled (32-bit)
 Alignments: Space 512K, Generation 512K, Heap 2M
 Heap Min Capacity: 100M
 Heap Initial Capacity: 100M
 Heap Max Capacity: 2G
 Pre-touch: Disabled
 Parallel Workers: 8
Heap:
 PSYoungGen      total 7168K, used 6020K [0x00000000d5580000, 0x00000000d6180000, 0x0000000100000000)
  eden space 6144K, 86% used [0x00000000d5580000,0x00000000d5aa9168,0x00000000d5b80000)
  from space 1024K, 71% used [0x00000000d6080000,0x00000000d6138000,0x00000000d6180000)
  to   space 2048K, 0% used [0x00000000d5d80000,0x00000000d5d80000,0x00000000d5f80000)
 ParOldGen       total 944128K, used 943854K [0x0000000080000000, 0x00000000b9a00000, 0x00000000d5580000)
  object space 944128K, 99% used [0x0000000080000000,0x00000000b99bbab8,0x00000000b9a00000)
 Metaspace       used 101539K, committed 103552K, reserved 1179648K
  class space    used 10525K, committed 11392K, reserved 1048576K
GC Heap History (20 events):
Event: 3649.367 GC heap before
{Heap before GC invocations=2687 (full 7):
 PSYoungGen      total 5632K, used 5278K [0x00000000d5580000, 0x00000000d5d80000, 0x0000000100000000)
  eden space 4608K, 100% used [0x00000000d5580000,0x00000000d5a00000,0x00000000d5a00000)
  from space 1024K, 65% used [0x00000000d5c80000,0x00000000d5d27800,0x00000000d5d80000)
  to   space 1536K, 0% used [0x00000000d5a80000,0x00000000d5a80000,0x00000000d5c00000)
 ParOldGen       total 937984K, used 937939K [0x0000000080000000, 0x00000000b9400000, 0x00000000d5580000)
  object space 937984K, 99% used [0x0000000080000000,0x00000000b93f4f70,0x00000000b9400000)
 Metaspace       used 101489K, committed 103488K, reserved 1179648K
  class space    used 10521K, committed 11392K, reserved 1048576K
}
Event: 3649.369 GC heap after
{Heap after GC invocations=2687 (full 7):
 PSYoungGen      total 6656K, used 329K [0x00000000d5580000, 0x00000000d5d00000, 0x0000000100000000)
  eden space 5120K, 0% used [0x00000000d5580000,0x00000000d5580000,0x00000000d5a80000)
  from space 1536K, 21% used [0x00000000d5a80000,0x00000000d5ad2400,0x00000000d5c00000)
  to   space 1024K, 0% used [0x00000000d5c00000,0x00000000d5c00000,0x00000000d5d00000)
 ParOldGen       total 938496K, used 938327K [0x0000000080000000, 0x00000000b9480000, 0x00000000d5580000)
  object space 938496K, 99% used [0x0000000080000000,0x00000000b9455f80,0x00000000b9480000)
 Metaspace       used 101489K, committed 103488K, reserved 1179648K
  class space    used 10521K, committed 11392K, reserved 1048576K
}
Event: 3649.377 GC heap before
{Heap before GC invocations=2688 (full 7):
 PSYoungGen      total 6656K, used 5449K [0x00000000d5580000, 0x00000000d5d00000, 0x0000000100000000)
  eden space 5120K, 100% used [0x00000000d5580000,0x00000000d5a80000,0x00000000d5a80000)
  from space 1536K, 21% used [0x00000000d5a80000,0x00000000d5ad2400,0x00000000d5c00000)
  to   space 1024K, 0% used [0x00000000d5c00000,0x00000000d5c00000,0x00000000d5d00000)
 ParOldGen       total 938496K, used 938327K [0x0000000080000000, 0x00000000b9480000, 0x00000000d5580000)
  object space 938496K, 99% used [0x0000000080000000,0x00000000b9455f80,0x00000000b9480000)
 Metaspace       used 101489K, committed 103488K, reserved 1179648K
  class space    used 10521K, committed 11392K, reserved 1048576K
}
Event: 3649.379 GC heap after
{Heap after GC invocations=2688 (full 7):
 PSYoungGen      total 6656K, used 464K [0x00000000d5580000, 0x00000000d5c80000, 0x0000000100000000)
  eden space 6144K, 0% used [0x00000000d5580000,0x00000000d5580000,0x00000000d5b80000)
  from space 512K, 90% used [0x00000000d5c00000,0x00000000d5c74010,0x00000000d5c80000)
  to   space 512K, 0% used [0x00000000d5b80000,0x00000000d5b80000,0x00000000d5c00000)
 ParOldGen       total 939008K, used 938505K [0x0000000080000000, 0x00000000b9500000, 0x00000000d5580000)
  object space 939008K, 99% used [0x0000000080000000,0x00000000b9482570,0x00000000b9500000)
 Metaspace       used 101489K, committed 103488K, reserved 1179648K
  class space    used 10521K, committed 11392K, reserved 1048576K
}
Event: 3649.392 GC heap before
{Heap before GC invocations=2689 (full 7):
 PSYoungGen      total 6656K, used 6608K [0x00000000d5580000, 0x00000000d5c80000, 0x0000000100000000)
  eden space 6144K, 100% used [0x00000000d5580000,0x00000000d5b80000,0x00000000d5b80000)
  from space 512K, 90% used [0x00000000d5c00000,0x00000000d5c74010,0x00000000d5c80000)
  to   space 512K, 0% used [0x00000000d5b80000,0x00000000d5b80000,0x00000000d5c00000)
 ParOldGen       total 939008K, used 938505K [0x0000000080000000, 0x00000000b9500000, 0x00000000d5580000)
  object space 939008K, 99% used [0x0000000080000000,0x00000000b9482570,0x00000000b9500000)
 Metaspace       used 101490K, committed 103488K, reserved 1179648K
  class space    used 10521K, committed 11392K, reserved 1048576K
}
Event: 3649.394 GC heap after
{Heap after GC invocations=2689 (full 7):
 PSYoungGen      total 6656K, used 505K [0x00000000d5580000, 0x00000000d6000000, 0x0000000100000000)
  eden space 6144K, 0% used [0x00000000d5580000,0x00000000d5580000,0x00000000d5b80000)
  from space 512K, 98% used [0x00000000d5b80000,0x00000000d5bfe410,0x00000000d5c00000)
  to   space 1536K, 0% used [0x00000000d5e80000,0x00000000d5e80000,0x00000000d6000000)
 ParOldGen       total 939520K, used 939342K [0x0000000080000000, 0x00000000b9580000, 0x00000000d5580000)
  object space 939520K, 99% used [0x0000000080000000,0x00000000b9553830,0x00000000b9580000)
 Metaspace       used 101490K, committed 103488K, reserved 1179648K
  class space    used 10521K, committed 11392K, reserved 1048576K
}
Event: 3649.511 GC heap before
{Heap before GC invocations=2690 (full 7):
 PSYoungGen      total 6656K, used 6649K [0x00000000d5580000, 0x00000000d6000000, 0x0000000100000000)
  eden space 6144K, 100% used [0x00000000d5580000,0x00000000d5b80000,0x00000000d5b80000)
  from space 512K, 98% used [0x00000000d5b80000,0x00000000d5bfe410,0x00000000d5c00000)
  to   space 1536K, 0% used [0x00000000d5e80000,0x00000000d5e80000,0x00000000d6000000)
 ParOldGen       total 939520K, used 939342K [0x0000000080000000, 0x00000000b9580000, 0x00000000d5580000)
  object space 939520K, 99% used [0x0000000080000000,0x00000000b9553830,0x00000000b9580000)
 Metaspace       used 101505K, committed 103488K, reserved 1179648K
  class space    used 10521K, committed 11392K, reserved 1048576K
}
Event: 3649.513 GC heap after
{Heap after GC invocations=2690 (full 7):
 PSYoungGen      total 7168K, used 640K [0x00000000d5580000, 0x00000000d5f80000, 0x0000000100000000)
  eden space 6144K, 0% used [0x00000000d5580000,0x00000000d5580000,0x00000000d5b80000)
  from space 1024K, 62% used [0x00000000d5e80000,0x00000000d5f20000,0x00000000d5f80000)
  to   space 1024K, 0% used [0x00000000d5d80000,0x00000000d5d80000,0x00000000d5e80000)
 ParOldGen       total 940032K, used 939867K [0x0000000080000000, 0x00000000b9600000, 0x00000000d5580000)
  object space 940032K, 99% used [0x0000000080000000,0x00000000b95d6d48,0x00000000b9600000)
 Metaspace       used 101505K, committed 103488K, reserved 1179648K
  class space    used 10521K, committed 11392K, reserved 1048576K
}
Event: 3650.087 GC heap before
{Heap before GC invocations=2691 (full 7):
 PSYoungGen      total 7168K, used 6784K [0x00000000d5580000, 0x00000000d5f80000, 0x0000000100000000)
  eden space 6144K, 100% used [0x00000000d5580000,0x00000000d5b80000,0x00000000d5b80000)
  from space 1024K, 62% used [0x00000000d5e80000,0x00000000d5f20000,0x00000000d5f80000)
  to   space 1024K, 0% used [0x00000000d5d80000,0x00000000d5d80000,0x00000000d5e80000)
 ParOldGen       total 940032K, used 939867K [0x0000000080000000, 0x00000000b9600000, 0x00000000d5580000)
  object space 940032K, 99% used [0x0000000080000000,0x00000000b95d6d48,0x00000000b9600000)
 Metaspace       used 101509K, committed 103488K, reserved 1179648K
  class space    used 10521K, committed 11392K, reserved 1048576K
}
Event: 3650.089 GC heap after
{Heap after GC invocations=2691 (full 7):
 PSYoungGen      total 7168K, used 586K [0x00000000d5580000, 0x00000000d5f00000, 0x0000000100000000)
  eden space 6144K, 0% used [0x00000000d5580000,0x00000000d5580000,0x00000000d5b80000)
  from space 1024K, 57% used [0x00000000d5d80000,0x00000000d5e12930,0x00000000d5e80000)
  to   space 512K, 0% used [0x00000000d5e80000,0x00000000d5e80000,0x00000000d5f00000)
 ParOldGen       total 940544K, used 940427K [0x0000000080000000, 0x00000000b9680000, 0x00000000d5580000)
  object space 940544K, 99% used [0x0000000080000000,0x00000000b9662d68,0x00000000b9680000)
 Metaspace       used 101509K, committed 103488K, reserved 1179648K
  class space    used 10521K, committed 11392K, reserved 1048576K
}
Event: 3650.102 GC heap before
{Heap before GC invocations=2692 (full 7):
 PSYoungGen      total 7168K, used 6730K [0x00000000d5580000, 0x00000000d5f00000, 0x0000000100000000)
  eden space 6144K, 100% used [0x00000000d5580000,0x00000000d5b80000,0x00000000d5b80000)
  from space 1024K, 57% used [0x00000000d5d80000,0x00000000d5e12930,0x00000000d5e80000)
  to   space 512K, 0% used [0x00000000d5e80000,0x00000000d5e80000,0x00000000d5f00000)
 ParOldGen       total 940544K, used 940427K [0x0000000080000000, 0x00000000b9680000, 0x00000000d5580000)
  object space 940544K, 99% used [0x0000000080000000,0x00000000b9662d68,0x00000000b9680000)
 Metaspace       used 101509K, committed 103488K, reserved 1179648K
  class space    used 10521K, committed 11392K, reserved 1048576K
}
Event: 3650.104 GC heap after
{Heap after GC invocations=2692 (full 7):
 PSYoungGen      total 6656K, used 506K [0x00000000d5580000, 0x00000000d5f00000, 0x0000000100000000)
  eden space 6144K, 0% used [0x00000000d5580000,0x00000000d5580000,0x00000000d5b80000)
  from space 512K, 98% used [0x00000000d5e80000,0x00000000d5efe900,0x00000000d5f00000)
  to   space 1024K, 0% used [0x00000000d5d00000,0x00000000d5d00000,0x00000000d5e00000)
 ParOldGen       total 941056K, used 940563K [0x0000000080000000, 0x00000000b9700000, 0x00000000d5580000)
  object space 941056K, 99% used [0x0000000080000000,0x00000000b9684e80,0x00000000b9700000)
 Metaspace       used 101509K, committed 103488K, reserved 1179648K
  class space    used 10521K, committed 11392K, reserved 1048576K
}
Event: 3655.597 GC heap before
{Heap before GC invocations=2693 (full 7):
 PSYoungGen      total 6656K, used 6650K [0x00000000d5580000, 0x00000000d5f00000, 0x0000000100000000)
  eden space 6144K, 100% used [0x00000000d5580000,0x00000000d5b80000,0x00000000d5b80000)
  from space 512K, 98% used [0x00000000d5e80000,0x00000000d5efe900,0x00000000d5f00000)
  to   space 1024K, 0% used [0x00000000d5d00000,0x00000000d5d00000,0x00000000d5e00000)
 ParOldGen       total 941056K, used 940563K [0x0000000080000000, 0x00000000b9700000, 0x00000000d5580000)
  object space 941056K, 99% used [0x0000000080000000,0x00000000b9684e80,0x00000000b9700000)
 Metaspace       used 101510K, committed 103488K, reserved 1179648K
  class space    used 10521K, committed 11392K, reserved 1048576K
}
Event: 3655.599 GC heap after
{Heap after GC invocations=2693 (full 7):
 PSYoungGen      total 7168K, used 192K [0x00000000d5580000, 0x00000000d5f00000, 0x0000000100000000)
  eden space 6144K, 0% used [0x00000000d5580000,0x00000000d5580000,0x00000000d5b80000)
  from space 1024K, 18% used [0x00000000d5d00000,0x00000000d5d30000,0x00000000d5e00000)
  to   space 512K, 0% used [0x00000000d5e80000,0x00000000d5e80000,0x00000000d5f00000)
 ParOldGen       total 941056K, used 940587K [0x0000000080000000, 0x00000000b9700000, 0x00000000d5580000)
  object space 941056K, 99% used [0x0000000080000000,0x00000000b968ae80,0x00000000b9700000)
 Metaspace       used 101510K, committed 103488K, reserved 1179648K
  class space    used 10521K, committed 11392K, reserved 1048576K
}
Event: 3655.628 GC heap before
{Heap before GC invocations=2694 (full 7):
 PSYoungGen      total 7168K, used 6336K [0x00000000d5580000, 0x00000000d5f00000, 0x0000000100000000)
  eden space 6144K, 100% used [0x00000000d5580000,0x00000000d5b80000,0x00000000d5b80000)
  from space 1024K, 18% used [0x00000000d5d00000,0x00000000d5d30000,0x00000000d5e00000)
  to   space 512K, 0% used [0x00000000d5e80000,0x00000000d5e80000,0x00000000d5f00000)
 ParOldGen       total 941056K, used 940587K [0x0000000080000000, 0x00000000b9700000, 0x00000000d5580000)
  object space 941056K, 99% used [0x0000000080000000,0x00000000b968ae80,0x00000000b9700000)
 Metaspace       used 101510K, committed 103488K, reserved 1179648K
  class space    used 10521K, committed 11392K, reserved 1048576K
}
Event: 3655.630 GC heap after
{Heap after GC invocations=2694 (full 7):
 PSYoungGen      total 6656K, used 512K [0x00000000d5580000, 0x00000000d5f00000, 0x0000000100000000)
  eden space 6144K, 0% used [0x00000000d5580000,0x00000000d5580000,0x00000000d5b80000)
  from space 512K, 100% used [0x00000000d5e80000,0x00000000d5f00000,0x00000000d5f00000)
  to   space 1024K, 0% used [0x00000000d5d00000,0x00000000d5d00000,0x00000000d5e00000)
 ParOldGen       total 941056K, used 940704K [0x0000000080000000, 0x00000000b9700000, 0x00000000d5580000)
  object space 941056K, 99% used [0x0000000080000000,0x00000000b96a8080,0x00000000b9700000)
 Metaspace       used 101510K, committed 103488K, reserved 1179648K
  class space    used 10521K, committed 11392K, reserved 1048576K
}
Event: 3655.643 GC heap before
{Heap before GC invocations=2695 (full 7):
 PSYoungGen      total 6656K, used 6656K [0x00000000d5580000, 0x00000000d5f00000, 0x0000000100000000)
  eden space 6144K, 100% used [0x00000000d5580000,0x00000000d5b80000,0x00000000d5b80000)
  from space 512K, 100% used [0x00000000d5e80000,0x00000000d5f00000,0x00000000d5f00000)
  to   space 1024K, 0% used [0x00000000d5d00000,0x00000000d5d00000,0x00000000d5e00000)
 ParOldGen       total 941056K, used 940704K [0x0000000080000000, 0x00000000b9700000, 0x00000000d5580000)
  object space 941056K, 99% used [0x0000000080000000,0x00000000b96a8080,0x00000000b9700000)
 Metaspace       used 101510K, committed 103488K, reserved 1179648K
  class space    used 10521K, committed 11392K, reserved 1048576K
}
Event: 3655.648 GC heap after
{Heap after GC invocations=2695 (full 7):
 PSYoungGen      total 7168K, used 998K [0x00000000d5580000, 0x00000000d6580000, 0x0000000100000000)
  eden space 6144K, 0% used [0x00000000d5580000,0x00000000d5580000,0x00000000d5b80000)
  from space 1024K, 97% used [0x00000000d5d00000,0x00000000d5df9848,0x00000000d5e00000)
  to   space 5120K, 0% used [0x00000000d6080000,0x00000000d6080000,0x00000000d6580000)
 ParOldGen       total 944128K, used 943774K [0x0000000080000000, 0x00000000b9a00000, 0x00000000d5580000)
  object space 944128K, 99% used [0x0000000080000000,0x00000000b99a7ab8,0x00000000b9a00000)
 Metaspace       used 101510K, committed 103488K, reserved 1179648K
  class space    used 10521K, committed 11392K, reserved 1048576K
}
Event: 3655.668 GC heap before
{Heap before GC invocations=2696 (full 7):
 PSYoungGen      total 7168K, used 7142K [0x00000000d5580000, 0x00000000d6580000, 0x0000000100000000)
  eden space 6144K, 100% used [0x00000000d5580000,0x00000000d5b80000,0x00000000d5b80000)
  from space 1024K, 97% used [0x00000000d5d00000,0x00000000d5df9848,0x00000000d5e00000)
  to   space 5120K, 0% used [0x00000000d6080000,0x00000000d6080000,0x00000000d6580000)
 ParOldGen       total 944128K, used 943774K [0x0000000080000000, 0x00000000b9a00000, 0x00000000d5580000)
  object space 944128K, 99% used [0x0000000080000000,0x00000000b99a7ab8,0x00000000b9a00000)
 Metaspace       used 101510K, committed 103488K, reserved 1179648K
  class space    used 10521K, committed 11392K, reserved 1048576K
}
Event: 3655.670 GC heap after
{Heap after GC invocations=2696 (full 7):
 PSYoungGen      total 7168K, used 736K [0x00000000d5580000, 0x00000000d6180000, 0x0000000100000000)
  eden space 6144K, 0% used [0x00000000d5580000,0x00000000d5580000,0x00000000d5b80000)
  from space 1024K, 71% used [0x00000000d6080000,0x00000000d6138000,0x00000000d6180000)
  to   space 2048K, 0% used [0x00000000d5d80000,0x00000000d5d80000,0x00000000d5f80000)
 ParOldGen       total 944128K, used 943854K [0x0000000080000000, 0x00000000b9a00000, 0x00000000d5580000)
  object space 944128K, 99% used [0x0000000080000000,0x00000000b99bbab8,0x00000000b9a00000)
 Metaspace       used 101510K, committed 103488K, reserved 1179648K
  class space    used 10521K, committed 11392K, reserved 1048576K
}

